1846117457
1871085198
1875480068
1846117457
1846117457
1778569863
1878423885
1896753780
1897506262
1907786496
1896753780
1875480068
1859112728
1859112728
1867391169
1908538978
1875480068
1896753780
1846117457
1871085198
1875480068
1480913172
1896753780
1875480068
1867391169
1867391169
1778569863
1641154832
1878423885
1908538978
1876232550
1896753780
1395396423
1758641954
1846117457
1846117457
1875480068
1859112728
1846117457
1896753780
1846117457
1773543814
1723485173
1059953459
1480913172
1859112728
1606208504
1846117457
1907786496
1846117457
1896753780
1635571115
1908538978
1044913471
1846117457
1644759662
1846117457
1846117457
1878423885
1846117457
1606208504
1635571115
1846117457
1875480068
1891419156
1896753780
1641154832
1846117457
1875480068
1907786496
1875480068
1876232550
1846117457
1867391169
1547959918
1876232550
1867391169
1859112728
1875480068
1846117457
1871085198
1867391169
1878423885
1875480068
1846117457
1846117457
1480913172
1871085198
1480913172
1773543814
1803658907
1875480068
1644759662
1897506262
1875480068
1044913471
1903391626
1846117457
1896753780
1871085198
