1948822349
1803055299
1974439496
1932776162
1963656804
1929788959
1929788959
1929788959
1929788959
1929788959
1948822349
1021169408
1932776162
1587352421
1929788959
1929788959
1929788959
1955406106
1929788959
1374649416
1929788959
1974439496
1959326537
1932776162
1929788959
1929788959
1929788959
1929788959
1224836062
1814921861
1706714126
1955406106
1436808396
1963656804
1929788959
1929788959
1929788959
1963656804
1929788959
1929788959
927258632
1929788959
1796855974
1827749698
1948822349
1929788959
1796855974
1800158747
1989273951
1796855974
1929788959
1409079900
1819298818
1929788959
1963656804
1929788959
1929788959
1929788959
1929788959
1962313740
1409079900
1959326537
1929788959
1803055299
1929788959
1353650560
865801958
1932776162
1993194382
1796855974
1948822349
962809148
1929788959
1929788959
1929788959
1929788959
1803055299
1948822349
1556471779
1929788959
1929788959
1796855974
1828672446
1929788959
1607700733
1929788959
1955406106
1828672446
1803055299
927258632
1929788959
1959326537
1929788959
1332840140
1021169408
1796855974
1929788959
1832592877
1929788959
1948822349
