1811179027
1980177297
1594696899
1951483575
1939225144
1930055477
1810725303
1939225144
1696572328
1561207709
1823437458
1980177297
1581853295
1760603483
1930055477
1949360510
1561207709
1967918866
1911497121
1967918866
1967918866
1967918866
1760603483
1901361755
1811179027
1599071098
1859183364
1980177297
1980177297
1967918866
1949360510
1958712646
1949360510
1980177297
1949360510
1958712646
1811179027
1729734892
1920849257
1958712646
1958712646
1897046753
1958712646
1958712646
1958712646
1153774019
1949360510
1811179027
1958712646
1811179027
1949360510
1717589885
1585156566
1949360510
1897046753
1901361755
1920849257
1696572328
1599071098
1967918866
1920849257
1771626091
1920849257
1967918866
1901361755
1103652199
1760603483
1619716684
1811179027
1980177297
1897046753
1958712646
1594696899
1970971077
1958712646
1939225144
1811179027
1949360510
1658708939
1658708939
1658708939
1901361755
1640497750
1939225144
1909305184
1302051160
1920849257
1658708939
1954577229
1581853295
1605802152
1811179027
1926665601
1958712646
1581853295
1958712646
1939225144
1823437458
1930055477
1967918866
