1803003055
1775683750
1610709797
1643336778
1691679292
1918740110
977770936
1918740110
1918757217
1918757217
1918740110
1881550196
1636416305
763159072
1813860907
1775683750
1775683750
1891420805
1968284137
1911959338
1891420805
1946076522
521745387
1940964832
1616017473
1911959338
1891420805
1891420805
1946076522
1807213836
1855935268
1132443721
1132443721
1691679292
1918757217
1918740110
1775683750
782322527
711679035
1891420805
1803003055
1775683750
1911959338
1918757217
1929597962
1918757217
1616017473
1803003055
1616017473
1354529639
1940964832
1818071688
1775683750
1911959338
1956934374
1918740110
1260854110
1803003055
1929597962
1911959338
1866793120
1891420805
1979141989
1891420805
1918757217
1940964832
1616017473
1911959338
1636416305
1775683750
1918740110
1625867929
1553671747
1803003055
1939278643
1891420805
1855935268
1775683750
1700743999
1775683750
1616017473
1918757217
1775683750
1918740110
1940964832
1775683750
1940964832
1775683750
521745387
1553671747
1866793120
1911959338
1918740110
1946076522
1946076522
1891420805
1803003055
1891420805
1940964832
1891420805
