1885337108
1857508064
1857508064
1733119350
1897841099
1857508064
1950842958
1857508064
1949937668
1659857364
1949937668
1949937668
1428012295
1949937668
1885337108
1950842958
1759564740
1949937668
1949937668
1821012694
1857508064
1858413354
1821012694
1857508064
1428012295
1954246582
1857508064
1954246582
1880735583
1949937668
1954246582
1897841099
1857508064
1897841099
1587630630
1977766712
1949937668
1949937668
1897841099
1587630630
1701579645
1857508064
1954246582
1697916021
1857508064
1728583090
1428012295
1428012295
1731809375
1949937668
1587630630
1857508064
1857508064
1786168733
1428012295
1857508064
1428012295
1857508064
1954246582
1897841099
1851994344
1857508064
1897841099
1857508064
1683084883
1880735583
1587630630
1051470818
1977766712
1697916021
1949937668
1587630630
1949937668
1878598337
1428012295
1857508064
1857508064
1949937668
1697916021
1790345625
1949937668
1949937668
1897841099
1902150013
1885337108
1861816978
1950842958
1949937668
1949937668
1949937668
1608442089
0
1950842958
1949937668
1786168733
1857508064
1570092735
1007570540
1949937668
1950842958
